2025-03-19T10:06:13.462+05:30  INFO 13788 --- [Heladiva-Project] [main] l.i.h.HeladivaProjectApplication         : Starting HeladivaProjectApplication using Java 17.0.10 with PID 13788 (D:\Heladiva-Project\target\classes started by ASUS in D:\Heladiva-Project)
2025-03-19T10:06:13.471+05:30  INFO 13788 --- [Heladiva-Project] [main] l.i.h.HeladivaProjectApplication         : No active profile set, falling back to 1 default profile: "default"
2025-03-19T10:06:14.061+05:30  INFO 13788 --- [Heladiva-Project] [main] o.s.b.f.s.DefaultListableBeanFactory     : Overriding bean definition for bean 'passwordEncoder' with a different definition: replacing [Root bean: class=null; scope=; abstract=false; lazyInit=null; autowireMode=3; dependencyCheck=0; autowireCandidate=true; primary=false; fallback=false; factoryBeanName=securityConfig; factoryMethodName=passwordEncoder; initMethodNames=null; destroyMethodNames=[(inferred)]; defined in class path resource [lk/ijse/heladivaproject/config/SecurityConfig.class]] with [Root bean: class=null; scope=; abstract=false; lazyInit=null; autowireMode=3; dependencyCheck=0; autowireCandidate=true; primary=false; fallback=false; factoryBeanName=heladivaProjectApplication; factoryMethodName=passwordEncoder; initMethodNames=null; destroyMethodNames=[(inferred)]; defined in lk.ijse.heladivaproject.HeladivaProjectApplication]
2025-03-19T10:06:14.317+05:30  INFO 13788 --- [Heladiva-Project] [main] .s.d.r.c.RepositoryConfigurationDelegate : Bootstrapping Spring Data JPA repositories in DEFAULT mode.
2025-03-19T10:06:14.384+05:30  INFO 13788 --- [Heladiva-Project] [main] .s.d.r.c.RepositoryConfigurationDelegate : Finished Spring Data repository scanning in 56 ms. Found 3 JPA repository interfaces.
2025-03-19T10:06:14.911+05:30  INFO 13788 --- [Heladiva-Project] [main] o.s.b.w.embedded.tomcat.TomcatWebServer  : Tomcat initialized with port 8080 (http)
2025-03-19T10:06:14.922+05:30  INFO 13788 --- [Heladiva-Project] [main] o.apache.catalina.core.StandardService   : Starting service [Tomcat]
2025-03-19T10:06:14.923+05:30  INFO 13788 --- [Heladiva-Project] [main] o.apache.catalina.core.StandardEngine    : Starting Servlet engine: [Apache Tomcat/10.1.36]
2025-03-19T10:06:14.978+05:30  INFO 13788 --- [Heladiva-Project] [main] o.a.c.c.C.[.[localhost].[/Heladiva]      : Initializing Spring embedded WebApplicationContext
2025-03-19T10:06:14.978+05:30  INFO 13788 --- [Heladiva-Project] [main] w.s.c.ServletWebServerApplicationContext : Root WebApplicationContext: initialization completed in 1449 ms
2025-03-19T10:06:15.165+05:30  INFO 13788 --- [Heladiva-Project] [main] o.hibernate.jpa.internal.util.LogHelper  : HHH000204: Processing PersistenceUnitInfo [name: default]
2025-03-19T10:06:15.233+05:30  INFO 13788 --- [Heladiva-Project] [main] org.hibernate.Version                    : HHH000412: Hibernate ORM core version 6.6.7.Final
2025-03-19T10:06:15.267+05:30  INFO 13788 --- [Heladiva-Project] [main] o.h.c.internal.RegionFactoryInitiator    : HHH000026: Second-level cache disabled
2025-03-19T10:06:15.582+05:30  INFO 13788 --- [Heladiva-Project] [main] o.s.o.j.p.SpringPersistenceUnitInfo      : No LoadTimeWeaver setup: ignoring JPA class transformer
2025-03-19T10:06:15.615+05:30  INFO 13788 --- [Heladiva-Project] [main] com.zaxxer.hikari.HikariDataSource       : HikariPool-1 - Starting...
2025-03-19T10:06:15.971+05:30  INFO 13788 --- [Heladiva-Project] [main] com.zaxxer.hikari.pool.HikariPool        : HikariPool-1 - Added connection com.mysql.cj.jdbc.ConnectionImpl@1b8ee69d
2025-03-19T10:06:15.974+05:30  INFO 13788 --- [Heladiva-Project] [main] com.zaxxer.hikari.HikariDataSource       : HikariPool-1 - Start completed.
2025-03-19T10:06:16.021+05:30  WARN 13788 --- [Heladiva-Project] [main] org.hibernate.orm.deprecation            : HHH90000025: MySQLDialect does not need to be specified explicitly using 'hibernate.dialect' (remove the property setting and it will be selected by default)
2025-03-19T10:06:16.038+05:30  INFO 13788 --- [Heladiva-Project] [main] org.hibernate.orm.connections.pooling    : HHH10001005: Database info:
	Database JDBC URL [Connecting through datasource 'HikariDataSource (HikariPool-1)']
	Database driver: undefined/unknown
	Database version: 8.0.36
	Autocommit mode: undefined/unknown
	Isolation level: undefined/unknown
	Minimum pool size: undefined/unknown
	Maximum pool size: undefined/unknown
2025-03-19T10:06:17.027+05:30  INFO 13788 --- [Heladiva-Project] [main] o.h.e.t.j.p.i.JtaPlatformInitiator       : HHH000489: No JTA platform available (set 'hibernate.transaction.jta.platform' to enable JTA platform integration)
2025-03-19T10:06:17.108+05:30  INFO 13788 --- [Heladiva-Project] [main] j.LocalContainerEntityManagerFactoryBean : Initialized JPA EntityManagerFactory for persistence unit 'default'
2025-03-19T10:06:17.706+05:30  WARN 13788 --- [Heladiva-Project] [main] JpaBaseConfiguration$JpaWebConfiguration : spring.jpa.open-in-view is enabled by default. Therefore, database queries may be performed during view rendering. Explicitly configure spring.jpa.open-in-view to disable this warning
2025-03-19T10:06:17.728+05:30  INFO 13788 --- [Heladiva-Project] [main] r$InitializeUserDetailsManagerConfigurer : Global AuthenticationManager configured with UserDetailsService bean with name USER_DETAILS_SERVICE
2025-03-19T10:06:18.114+05:30  INFO 13788 --- [Heladiva-Project] [main] o.s.v.b.OptionalValidatorFactoryBean     : Failed to set up a Bean Validation provider: jakarta.validation.NoProviderFoundException: Unable to create a Configuration, because no Jakarta Bean Validation provider could be found. Add a provider like Hibernate Validator (RI) to your classpath.
2025-03-19T10:06:18.396+05:30  INFO 13788 --- [Heladiva-Project] [main] o.s.b.w.embedded.tomcat.TomcatWebServer  : Tomcat started on port 8080 (http) with context path '/Heladiva'
2025-03-19T10:06:18.405+05:30  INFO 13788 --- [Heladiva-Project] [main] l.i.h.HeladivaProjectApplication         : Started HeladivaProjectApplication in 5.496 seconds (process running for 6.282)
2025-03-19T10:19:27.231+05:30  INFO 13788 --- [Heladiva-Project] [http-nio-8080-exec-1] o.a.c.c.C.[.[localhost].[/Heladiva]      : Initializing Spring DispatcherServlet 'dispatcherServlet'
2025-03-19T10:19:27.233+05:30  INFO 13788 --- [Heladiva-Project] [http-nio-8080-exec-1] o.s.web.servlet.DispatcherServlet        : Initializing Servlet 'dispatcherServlet'
2025-03-19T10:19:27.236+05:30  INFO 13788 --- [Heladiva-Project] [http-nio-8080-exec-1] o.s.web.servlet.DispatcherServlet        : Completed initialization in 3 ms
2025-03-19T10:19:27.552+05:30  INFO 13788 --- [Heladiva-Project] [http-nio-8080-exec-2] l.i.h.controller.AuthController          : Received signIn request for email: user@gmail.com
2025-03-19T10:19:28.346+05:30  INFO 13788 --- [Heladiva-Project] [http-nio-8080-exec-2] l.i.h.controller.AuthController          : User signed in successfully: user@gmail.com
2025-03-19T10:20:17.344+05:30  INFO 13788 --- [Heladiva-Project] [http-nio-8080-exec-5] l.i.h.controller.ArticleController       : Fetching all articles
2025-03-19T11:19:01.120+05:30  INFO 13788 --- [Heladiva-Project] [http-nio-8080-exec-8] l.i.h.controller.AuthController          : Received signIn request for email: demo@gmail.com
2025-03-19T11:19:57.438+05:30  INFO 13788 --- [Heladiva-Project] [http-nio-8080-exec-3] l.i.h.controller.AuthController          : Received signIn request for email: demo@gmail.com
2025-03-19T11:19:57.671+05:30  INFO 13788 --- [Heladiva-Project] [http-nio-8080-exec-3] l.i.h.controller.AuthController          : User signed in successfully: demo@gmail.com
2025-03-19T11:20:18.402+05:30  INFO 13788 --- [Heladiva-Project] [http-nio-8080-exec-2] l.i.h.controller.ArticleController       : Fetching all articles
2025-03-19T11:30:34.071+05:30  INFO 13788 --- [Heladiva-Project] [http-nio-8080-exec-5] l.i.h.controller.ArticleController       : Admin creating an article
2025-03-19T11:30:37.177+05:30  INFO 13788 --- [Heladiva-Project] [http-nio-8080-exec-7] l.i.h.controller.ArticleController       : Fetching all articles
2025-03-19T11:30:50.491+05:30  INFO 13788 --- [Heladiva-Project] [http-nio-8080-exec-9] l.i.h.controller.ArticleController       : Fetching article with ID: ART-002
2025-03-19T11:31:03.028+05:30  INFO 13788 --- [Heladiva-Project] [http-nio-8080-exec-1] l.i.h.controller.ArticleController       : Fetching all articles
2025-03-19T11:31:05.268+05:30  INFO 13788 --- [Heladiva-Project] [http-nio-8080-exec-10] l.i.h.controller.ArticleController       : Fetching article with ID: ART-002
2025-03-19T11:57:09.449+05:30  WARN 13788 --- [Heladiva-Project] [HikariPool-1 housekeeper] com.zaxxer.hikari.pool.HikariPool        : HikariPool-1 - Thread starvation or clock leap detected (housekeeper delta=24m21s940ms920µs100ns).
2025-03-19T13:03:52.624+05:30  WARN 13788 --- [Heladiva-Project] [HikariPool-1 housekeeper] com.zaxxer.hikari.pool.HikariPool        : HikariPool-1 - Thread starvation or clock leap detected (housekeeper delta=56m42s997ms525µs900ns).
2025-03-19T13:11:25.253+05:30  INFO 13788 --- [Heladiva-Project] [http-nio-8080-exec-6] l.i.h.controller.ProductController       : Fetching all products
2025-03-19T13:11:47.139+05:30  INFO 13788 --- [Heladiva-Project] [http-nio-8080-exec-8] l.i.h.controller.ArticleController       : Fetching all articles
2025-03-19T13:11:49.786+05:30  INFO 13788 --- [Heladiva-Project] [http-nio-8080-exec-3] l.i.h.controller.ArticleController       : Fetching article with ID: ART-002
2025-03-19T13:12:04.865+05:30  INFO 13788 --- [Heladiva-Project] [http-nio-8080-exec-2] l.i.h.controller.ArticleController       : Admin updating article with ID: 
2025-03-19T13:12:07.698+05:30  INFO 13788 --- [Heladiva-Project] [http-nio-8080-exec-4] l.i.h.controller.ArticleController       : Fetching all articles
2025-03-19T13:12:10.078+05:30  INFO 13788 --- [Heladiva-Project] [http-nio-8080-exec-6] l.i.h.controller.ProductController       : Fetching all products
2025-03-19T13:12:12.683+05:30  INFO 13788 --- [Heladiva-Project] [http-nio-8080-exec-8] l.i.h.controller.ProductController       : Fetching product with ID: PRT-001
2025-03-19T13:12:22.385+05:30  INFO 13788 --- [Heladiva-Project] [http-nio-8080-exec-3] l.i.h.controller.ProductController       : Admin updating an product with id ofPRT-001
2025-03-19T13:12:24.540+05:30  INFO 13788 --- [Heladiva-Project] [http-nio-8080-exec-2] l.i.h.controller.ProductController       : Fetching all products
2025-03-19T13:44:50.459+05:30  INFO 13788 --- [Heladiva-Project] [http-nio-8080-exec-5] l.i.h.controller.ArticleController       : Fetching all articles
2025-03-19T13:58:51.745+05:30  INFO 13788 --- [Heladiva-Project] [http-nio-8080-exec-8] l.i.h.controller.ArticleController       : Fetching article with ID: ART-002
2025-03-19T13:59:26.561+05:30  INFO 13788 --- [Heladiva-Project] [http-nio-8080-exec-3] l.i.h.controller.ArticleController       : Admin updating article with ID: 
2025-03-19T13:59:48.670+05:30  INFO 13788 --- [Heladiva-Project] [http-nio-8080-exec-2] l.i.h.controller.ArticleController       : Fetching all articles
2025-03-19T14:03:41.352+05:30  INFO 13788 --- [Heladiva-Project] [http-nio-8080-exec-5] l.i.h.controller.ProductController       : Fetching all products
2025-03-19T14:04:44.382+05:30  INFO 13788 --- [Heladiva-Project] [http-nio-8080-exec-8] l.i.h.controller.ProductController       : Fetching all products
2025-03-19T14:04:46.396+05:30  INFO 13788 --- [Heladiva-Project] [http-nio-8080-exec-3] l.i.h.controller.ArticleController       : Fetching all articles
2025-03-19T14:05:52.721+05:30  INFO 13788 --- [Heladiva-Project] [http-nio-8080-exec-10] l.i.h.controller.ArticleController       : Fetching article with ID: ART-001
2025-03-19T14:05:58.001+05:30  INFO 13788 --- [Heladiva-Project] [http-nio-8080-exec-5] l.i.h.controller.ArticleController       : Fetching article with ID: ART-002
2025-03-19T14:06:12.062+05:30  INFO 13788 --- [Heladiva-Project] [http-nio-8080-exec-7] l.i.h.controller.ArticleController       : Fetching article with ID: ART-001
2025-03-19T14:09:26.666+05:30  INFO 13788 --- [Heladiva-Project] [http-nio-8080-exec-3] l.i.h.controller.ArticleController       : Admin updating article with ID: 
2025-03-19T14:09:33.063+05:30  INFO 13788 --- [Heladiva-Project] [http-nio-8080-exec-2] l.i.h.controller.ArticleController       : Fetching all articles
2025-03-19T14:29:51.892+05:30  INFO 13788 --- [Heladiva-Project] [http-nio-8080-exec-5] l.i.h.controller.AuthController          : Received signIn request for email: demo@gmail.com
2025-03-19T14:29:52.054+05:30  INFO 13788 --- [Heladiva-Project] [http-nio-8080-exec-5] l.i.h.controller.AuthController          : User signed in successfully: demo@gmail.com
2025-03-19T14:30:38.648+05:30  INFO 13788 --- [Heladiva-Project] [http-nio-8080-exec-7] l.i.h.controller.ArticleController       : Fetching all articles
2025-03-19T14:30:41.371+05:30  INFO 13788 --- [Heladiva-Project] [http-nio-8080-exec-9] l.i.h.controller.ArticleController       : Fetching article with ID: ART-002
2025-03-19T14:30:49.983+05:30  INFO 13788 --- [Heladiva-Project] [http-nio-8080-exec-1] l.i.h.controller.ArticleController       : Fetching article with ID: ART-002
2025-03-19T14:30:50.149+05:30  INFO 13788 --- [Heladiva-Project] [http-nio-8080-exec-2] l.i.h.controller.ArticleController       : Fetching article with ID: ART-002
2025-03-19T14:31:00.258+05:30  INFO 13788 --- [Heladiva-Project] [http-nio-8080-exec-4] l.i.h.controller.ArticleController       : Fetching article with ID: ART-002
2025-03-19T14:31:00.423+05:30  INFO 13788 --- [Heladiva-Project] [http-nio-8080-exec-5] l.i.h.controller.ArticleController       : Fetching article with ID: ART-002
2025-03-19T14:33:42.952+05:30  INFO 13788 --- [Heladiva-Project] [http-nio-8080-exec-8] l.i.h.controller.ArticleController       : Fetching all articles
2025-03-19T14:33:47.288+05:30  INFO 13788 --- [Heladiva-Project] [http-nio-8080-exec-3] l.i.h.controller.ArticleController       : Fetching article with ID: ART-002
2025-03-19T14:33:48.427+05:30  INFO 13788 --- [Heladiva-Project] [http-nio-8080-exec-2] l.i.h.controller.ArticleController       : Fetching article with ID: ART-001
2025-03-19T14:33:53.428+05:30  INFO 13788 --- [Heladiva-Project] [http-nio-8080-exec-4] l.i.h.controller.ArticleController       : Fetching all articles
2025-03-19T14:34:07.226+05:30  INFO 13788 --- [Heladiva-Project] [http-nio-8080-exec-6] l.i.h.controller.ArticleController       : Fetching article with ID: ART-001
2025-03-19T14:34:09.138+05:30  INFO 13788 --- [Heladiva-Project] [http-nio-8080-exec-8] l.i.h.controller.ArticleController       : Fetching article with ID: ART-002
2025-03-19T14:34:10.317+05:30  INFO 13788 --- [Heladiva-Project] [http-nio-8080-exec-9] l.i.h.controller.ArticleController       : Fetching article with ID: ART-001
2025-03-19T14:34:15.897+05:30  INFO 13788 --- [Heladiva-Project] [http-nio-8080-exec-1] l.i.h.controller.ArticleController       : Fetching all articles
2025-03-19T15:53:52.237+05:30  WARN 13788 --- [Heladiva-Project] [HikariPool-1 housekeeper] com.zaxxer.hikari.pool.HikariPool        : HikariPool-1 - Thread starvation or clock leap detected (housekeeper delta=1h13m28s115ms125µs300ns).
2025-03-19T21:01:09.483+05:30  WARN 13788 --- [Heladiva-Project] [HikariPool-1 housekeeper] com.zaxxer.hikari.pool.HikariPool        : HikariPool-1 - Thread starvation or clock leap detected (housekeeper delta=5h7m17s246ms575µs100ns).
2025-03-19T21:22:22.282+05:30  WARN 13788 --- [Heladiva-Project] [HikariPool-1 housekeeper] com.zaxxer.hikari.pool.HikariPool        : HikariPool-1 - Thread starvation or clock leap detected (housekeeper delta=4m12s603ms163µs401ns).
2025-03-19T21:35:21.641+05:30  WARN 13788 --- [Heladiva-Project] [HikariPool-1 housekeeper] com.zaxxer.hikari.pool.HikariPool        : HikariPool-1 - Thread starvation or clock leap detected (housekeeper delta=5m59s300ms66µs901ns).
2025-03-19T21:40:39.225+05:30  WARN 13788 --- [Heladiva-Project] [HikariPool-1 housekeeper] com.zaxxer.hikari.pool.HikariPool        : HikariPool-1 - Thread starvation or clock leap detected (housekeeper delta=2m17s552ms464µs100ns).
2025-03-19T21:55:11.187+05:30  WARN 13788 --- [Heladiva-Project] [HikariPool-1 housekeeper] com.zaxxer.hikari.pool.HikariPool        : HikariPool-1 - Thread starvation or clock leap detected (housekeeper delta=5m1s828ms505µs400ns).
2025-03-19T22:15:39.612+05:30  WARN 13788 --- [Heladiva-Project] [HikariPool-1 housekeeper] com.zaxxer.hikari.pool.HikariPool        : HikariPool-1 - Thread starvation or clock leap detected (housekeeper delta=3m28s226ms505µs699ns).
2025-03-19T22:15:50.231+05:30  INFO 13788 --- [Heladiva-Project] [SpringApplicationShutdownHook] o.s.b.w.e.tomcat.GracefulShutdown        : Commencing graceful shutdown. Waiting for active requests to complete
2025-03-19T22:15:50.547+05:30  INFO 13788 --- [Heladiva-Project] [tomcat-shutdown] o.s.b.w.e.tomcat.GracefulShutdown        : Graceful shutdown complete
2025-03-19T22:15:50.558+05:30  INFO 13788 --- [Heladiva-Project] [SpringApplicationShutdownHook] j.LocalContainerEntityManagerFactoryBean : Closing JPA EntityManagerFactory for persistence unit 'default'
2025-03-19T22:15:50.577+05:30  INFO 13788 --- [Heladiva-Project] [SpringApplicationShutdownHook] com.zaxxer.hikari.HikariDataSource       : HikariPool-1 - Shutdown initiated...
2025-03-19T22:15:50.587+05:30  INFO 13788 --- [Heladiva-Project] [SpringApplicationShutdownHook] com.zaxxer.hikari.HikariDataSource       : HikariPool-1 - Shutdown completed.
